<?xml version="1.0" encoding="UTF-8"?>
<!-- Generated by org.testng.reporters.JUnitReportReporter -->
<testsuite hostname="SKY-20171111TRB" name="testbaidu.login" tests="1" failures="0" timestamp="14 Mar 2019 06:30:44 GMT" time="2.639" errors="0">
  <testcase name="Alogin" time="2.639" classname="testbaidu.login"/>
</testsuite> <!-- testbaidu.login -->
