<?xml version="1.0" encoding="UTF-8"?>
<!-- Generated by org.testng.reporters.JUnitReportReporter -->
<testsuite hostname="LAPTOP-222BTDR3" name="com.testcase.banjitestcase$logintestcase" tests="1" failures="0" timestamp="7 Mar 2019 00:47:35 GMT" time="11.388" errors="0">
  <testcase name="banji" time="11.388" classname="com.testcase.banjitestcase$logintestcase"/>
</testsuite> <!-- com.testcase.banjitestcase$logintestcase -->
