<?xml version="1.0" encoding="UTF-8"?>
<!-- Generated by org.testng.reporters.JUnitReportReporter -->
<testsuite hostname="SKY-20171111TRB" name="testbaidu.login" tests="1" failures="0" timestamp="27 Mar 2019 01:55:27 GMT" time="4.043" errors="0">
  <testcase name="Alogin" time="4.043" classname="testbaidu.login"/>
</testsuite> <!-- testbaidu.login -->
