<?xml version="1.0" encoding="UTF-8"?>
<!-- Generated by org.testng.reporters.JUnitReportReporter -->
<testsuite hostname="LAPTOP-222BTDR3" name="com.testcase.gonggaotestcase" tests="1" failures="0" timestamp="7 Mar 2019 06:36:46 GMT" time="11.192" errors="0">
  <testcase name="gonggao" time="11.192" classname="com.testcase.gonggaotestcase"/>
</testsuite> <!-- com.testcase.gonggaotestcase -->
