<?xml version="1.0" encoding="UTF-8"?>
<!-- Generated by org.testng.reporters.JUnitReportReporter -->
<testsuite hostname="LAPTOP-222BTDR3" name="com.testcase.logintestcase" tests="1" failures="0" timestamp="7 Mar 2019 00:47:35 GMT" time="10.560" errors="0">
  <testcase name="login" time="10.560" classname="com.testcase.logintestcase"/>
</testsuite> <!-- com.testcase.logintestcase -->
